  stdafx.cpp
  iMap.cpp
  cAction.cpp
  Dx3D.cpp
  cZealot.cpp
f:\svn\projectalice\gameprojectalice\obb\dx3d\czealot.cpp(22): warning C4316: 'cSkinnedMesh': 힙에 할당된 개체가 16에 맞추어져 있지 않을 수도 있습니다
f:\svn\projectalice\gameprojectalice\obb\dx3d\czealot.cpp(27): warning C4316: 'cOBB': 힙에 할당된 개체가 16에 맞추어져 있지 않을 수도 있습니다
  cUITextView.cpp
  cUIObject.cpp
  cUIImageView.cpp
  cUIButton.cpp
  cTimeManager.cpp
  cTextureManager.cpp
  cSkinnedMeshManager.cpp
f:\svn\projectalice\gameprojectalice\obb\dx3d\cskinnedmeshmanager.cpp(30): warning C4316: 'cSkinnedMesh': 힙에 할당된 개체가 16에 맞추어져 있지 않을 수도 있습니다
  cSkinnedMesh.cpp
  cRLeg.cpp
  cRay.cpp
f:\svn\projectalice\gameprojectalice\obb\dx3d\cray.cpp(26): warning C4244: '=': 'double'에서 'float'(으)로 변환하면서 데이터가 손실될 수 있습니다.
f:\svn\projectalice\gameprojectalice\obb\dx3d\cray.cpp(27): warning C4244: '=': 'double'에서 'float'(으)로 변환하면서 데이터가 손실될 수 있습니다.
f:\svn\projectalice\gameprojectalice\obb\dx3d\cray.cpp(62): warning C4800: 'BOOL': 'true' 또는 'false'로 bool 값을 강제하고 있습니다(성능 경고).
  cRArm.cpp
  cPyramid.cpp
f:\svn\projectalice\gameprojectalice\obb\dx3d\cpyramid.cpp(56): warning C4018: '<': signed 또는 unsigned가 일치하지 않습니다.
  cObjMap.cpp
  cObjLoader.cpp
f:\svn\projectalice\gameprojectalice\obb\dx3d\cobjloader.cpp(390): warning C4018: '<': signed 또는 unsigned가 일치하지 않습니다.
  cObjectManager.cpp
  cObject.cpp
  코드를 생성하고 있습니다...
  컴파일하고 있습니다...
  cOBB.cpp
  cMtlTex.cpp
  cMainGame.cpp
f:\svn\projectalice\gameprojectalice\obb\dx3d\cmaingame.cpp(83): warning C4316: 'cCharacter': 힙에 할당된 개체가 16에 맞추어져 있지 않을 수도 있습니다
f:\svn\projectalice\gameprojectalice\obb\dx3d\cmaingame.cpp(209): warning C4996: 'sprintf': This function or variable may be unsafe. Consider using sprintf_s instead. To disable deprecation, use _CRT_SECURE_NO_WARNINGS. See online help for details.
  c:\program files (x86)\windows kits\10\include\10.0.10240.0\ucrt\stdio.h(1769): note: 'sprintf' 선언을 참조하십시오.
  cLLeg.cpp
  cLArm.cpp
  cHead.cpp
  cGroup.cpp
  cGrid.cpp
f:\svn\projectalice\gameprojectalice\obb\dx3d\cgrid.cpp(87): warning C4316: 'cPyramid': 힙에 할당된 개체가 16에 맞추어져 있지 않을 수도 있습니다
f:\svn\projectalice\gameprojectalice\obb\dx3d\cgrid.cpp(93): warning C4316: 'cPyramid': 힙에 할당된 개체가 16에 맞추어져 있지 않을 수도 있습니다
f:\svn\projectalice\gameprojectalice\obb\dx3d\cgrid.cpp(99): warning C4316: 'cPyramid': 힙에 할당된 개체가 16에 맞추어져 있지 않을 수도 있습니다
  cGameObject.cpp
  cFrustum.cpp
  cFrame.cpp
  cFontManager.cpp
f:\svn\projectalice\gameprojectalice\obb\dx3d\cfontmanager.cpp(49): warning C4996: 'strcpy': This function or variable may be unsafe. Consider using strcpy_s instead. To disable deprecation, use _CRT_SECURE_NO_WARNINGS. See online help for details.
  c:\program files (x86)\windows kits\10\include\10.0.10240.0\ucrt\string.h(119): note: 'strcpy' 선언을 참조하십시오.
  cDeviceManager.cpp
  cCubePNT.cpp
  cCubePC.cpp
  cCubeNode.cpp
  cCubeMan.cpp
f:\svn\projectalice\gameprojectalice\obb\dx3d\ccubeman.cpp(34): warning C4316: 'cBody': 힙에 할당된 개체가 16에 맞추어져 있지 않을 수도 있습니다
f:\svn\projectalice\gameprojectalice\obb\dx3d\ccubeman.cpp(41): warning C4316: 'cHead': 힙에 할당된 개체가 16에 맞추어져 있지 않을 수도 있습니다
f:\svn\projectalice\gameprojectalice\obb\dx3d\ccubeman.cpp(47): warning C4316: 'cLArm': 힙에 할당된 개체가 16에 맞추어져 있지 않을 수도 있습니다
f:\svn\projectalice\gameprojectalice\obb\dx3d\ccubeman.cpp(54): warning C4316: 'cRArm': 힙에 할당된 개체가 16에 맞추어져 있지 않을 수도 있습니다
f:\svn\projectalice\gameprojectalice\obb\dx3d\ccubeman.cpp(61): warning C4316: 'cLLeg': 힙에 할당된 개체가 16에 맞추어져 있지 않을 수도 있습니다
f:\svn\projectalice\gameprojectalice\obb\dx3d\ccubeman.cpp(68): warning C4316: 'cRLeg': 힙에 할당된 개체가 16에 맞추어져 있지 않을 수도 있습니다
  cCharacter.cpp
  cCamera.cpp
  cBody.cpp
  코드를 생성하고 있습니다...
  컴파일하고 있습니다...
  cAseLoader.cpp
f:\svn\projectalice\gameprojectalice\obb\dx3d\caseloader.cpp(231): warning C4316: 'cFrame': 힙에 할당된 개체가 16에 맞추어져 있지 않을 수도 있습니다
  cAllocateHierarchy.cpp
f:\svn\projectalice\gameprojectalice\obb\dx3d\callocatehierarchy.cpp(21): warning C4316: 'ST_BONE': 힙에 할당된 개체가 16에 맞추어져 있지 않을 수도 있습니다
f:\svn\projectalice\gameprojectalice\obb\dx3d\callocatehierarchy.cpp(28): warning C4996: 'strcpy': This function or variable may be unsafe. Consider using strcpy_s instead. To disable deprecation, use _CRT_SECURE_NO_WARNINGS. See online help for details.
  c:\program files (x86)\windows kits\10\include\10.0.10240.0\ucrt\string.h(119): note: 'strcpy' 선언을 참조하십시오.
  cActionSeq.cpp
  cActionRepeat.cpp
  cActionMove.cpp
  cActionJump.cpp
  cActionBezier.cpp
f:\svn\projectalice\gameprojectalice\obb\dx3d\cactionbezier.cpp(26): warning C4244: '=': 'float'에서 'DWORD'(으)로 변환하면서 데이터가 손실될 수 있습니다.
  코드를 생성하고 있습니다...
  Dx3D.vcxproj -> F:\svn\ProjectAlice\GameProjectAlice\OBB\Debug\Dx3D_OBB01.exe
  Dx3D.vcxproj -> F:\svn\ProjectAlice\GameProjectAlice\OBB\Debug\Dx3D_OBB01.pdb (Full PDB)
