  stdafx.cpp
  Util.cpp
  Portfolio Alice Madness.cpp
  iMap.cpp
  cXLoader.cpp
e:\svn_alicelsm\branches\alice madness portfolio\portfolio alice madness\cxloader.cpp(52): warning C4018: '<': signed 또는 unsigned가 일치하지 않습니다.
  cWonderLand.cpp
  cUITest.cpp
  cTimeManager.cpp
  cTextureManager.cpp
  cTerrain.cpp
e:\svn_alicelsm\branches\alice madness portfolio\portfolio alice madness\cterrain.cpp(178): warning C4244: '초기화 중': 'float'에서 'int'(으)로 변환하면서 데이터가 손실될 수 있습니다.
e:\svn_alicelsm\branches\alice madness portfolio\portfolio alice madness\cterrain.cpp(179): warning C4244: '초기화 중': 'float'에서 'int'(으)로 변환하면서 데이터가 손실될 수 있습니다.
  cTerainObject.cpp
  cSpriteImage.cpp
e:\svn_alicelsm\branches\alice madness portfolio\portfolio alice madness\cspriteimage.cpp(16): warning C4244: '인수': 'UINT'에서 'float'(으)로 변환하면서 데이터가 손실될 수 있습니다.
  cSPrintDevice.cpp
e:\svn_alicelsm\branches\alice madness portfolio\portfolio alice madness\csprintdevice.cpp(75): warning C4838: 'float'에서 'LONG'(으)로의 변환에는 축소 변환이 필요합니다.
e:\svn_alicelsm\branches\alice madness portfolio\portfolio alice madness\csprintdevice.cpp(75): warning C4244: '초기화 중': 'float'에서 'LONG'(으)로 변환하면서 데이터가 손실될 수 있습니다.
e:\svn_alicelsm\branches\alice madness portfolio\portfolio alice madness\csprintdevice.cpp(82): warning C4838: 'float'에서 'LONG'(으)로의 변환에는 축소 변환이 필요합니다.
e:\svn_alicelsm\branches\alice madness portfolio\portfolio alice madness\csprintdevice.cpp(82): warning C4244: '초기화 중': 'float'에서 'LONG'(으)로 변환하면서 데이터가 손실될 수 있습니다.
  cSkinnedMeshManager.cpp
e:\svn_alicelsm\branches\alice madness portfolio\portfolio alice madness\cskinnedmeshmanager.cpp(31): warning C4316: 'cSkinnedMesh': 힙에 할당된 개체가 16에 맞추어져 있지 않을 수도 있습니다
  cSkinnedMesh.cpp
  cScene.cpp
  cRawLoader.cpp
e:\svn_alicelsm\branches\alice madness portfolio\portfolio alice madness\crawloader.cpp(49): warning C4244: '인수': 'int'에서 'FLOAT'(으)로 변환하면서 데이터가 손실될 수 있습니다.
  cPyramid.cpp
e:\svn_alicelsm\branches\alice madness portfolio\portfolio alice madness\cpyramid.cpp(56): warning C4018: '<': signed 또는 unsigned가 일치하지 않습니다.
  cPlayer.cpp
e:\svn_alicelsm\branches\alice madness portfolio\portfolio alice madness\cplayer.cpp(168): warning C4316: 'cSkinnedMesh': 힙에 할당된 개체가 16에 맞추어져 있지 않을 수도 있습니다
e:\svn_alicelsm\branches\alice madness portfolio\portfolio alice madness\cplayer.cpp(290): warning C4305: '-=': 'double'에서 'float'(으)로 잘립니다.
  cObjLoader.cpp
e:\svn_alicelsm\branches\alice madness portfolio\portfolio alice madness\cobjloader.cpp(221): warning C4018: '<': signed 또는 unsigned가 일치하지 않습니다.
  cObject.cpp
  코드를 생성하고 있습니다...
  컴파일하고 있습니다...
  cNoseSwitch.cpp
e:\svn_alicelsm\branches\alice madness portfolio\portfolio alice madness\cnoseswitch.cpp(16): warning C4316: 'cSkinnedMesh': 힙에 할당된 개체가 16에 맞추어져 있지 않을 수도 있습니다
e:\svn_alicelsm\branches\alice madness portfolio\portfolio alice madness\cnoseswitch.cpp(35): warning C4316: 'cSkinnedMesh': 힙에 할당된 개체가 16에 맞추어져 있지 않을 수도 있습니다
  cMeshGroupManager.cpp
  cMeshGroup.cpp
e:\svn_alicelsm\branches\alice madness portfolio\portfolio alice madness\cmeshgroup.cpp(57): warning C4018: '<': signed 또는 unsigned가 일치하지 않습니다.
e:\svn_alicelsm\branches\alice madness portfolio\portfolio alice madness\cmeshgroup.cpp(69): warning C4018: '<': signed 또는 unsigned가 일치하지 않습니다.
  cMapTest.cpp
  cMap.cpp
  cMainGame.cpp
e:\svn_alicelsm\branches\alice madness portfolio\portfolio alice madness\cmaingame.cpp(111): warning C4996: 'sprintf': This function or variable may be unsafe. Consider using sprintf_s instead. To disable deprecation, use _CRT_SECURE_NO_WARNINGS. See online help for details.
  c:\program files (x86)\windows kits\10\include\10.0.10240.0\ucrt\stdio.h(1769): note: 'sprintf' 선언을 참조하십시오.
e:\svn_alicelsm\branches\alice madness portfolio\portfolio alice madness\cmaingame.cpp(130): warning C4060: switch문에 'case' 또는 'default' 레이블이 없습니다.
  cMain.cpp
e:\svn_alicelsm\branches\alice madness portfolio\portfolio alice madness\cmain.cpp(26): warning C4316: 'cSkinnedMesh': 힙에 할당된 개체가 16에 맞추어져 있지 않을 수도 있습니다
e:\svn_alicelsm\branches\alice madness portfolio\portfolio alice madness\cmain.cpp(33): warning C4244: '=': 'float'에서 'LONG'(으)로 변환하면서 데이터가 손실될 수 있습니다.
e:\svn_alicelsm\branches\alice madness portfolio\portfolio alice madness\cmain.cpp(34): warning C4244: '=': 'float'에서 'LONG'(으)로 변환하면서 데이터가 손실될 수 있습니다.
e:\svn_alicelsm\branches\alice madness portfolio\portfolio alice madness\cmain.cpp(35): warning C4244: '=': 'float'에서 'LONG'(으)로 변환하면서 데이터가 손실될 수 있습니다.
e:\svn_alicelsm\branches\alice madness portfolio\portfolio alice madness\cmain.cpp(36): warning C4244: '=': 'float'에서 'LONG'(으)로 변환하면서 데이터가 손실될 수 있습니다.
  cKeyManager.cpp
  cItemObject.cpp
  cHeightMap.cpp
e:\svn_alicelsm\branches\alice madness portfolio\portfolio alice madness\cheightmap.cpp(443): warning C4244: '초기화 중': 'float'에서 'int'(으)로 변환하면서 데이터가 손실될 수 있습니다.
e:\svn_alicelsm\branches\alice madness portfolio\portfolio alice madness\cheightmap.cpp(444): warning C4244: '초기화 중': 'float'에서 'int'(으)로 변환하면서 데이터가 손실될 수 있습니다.
  cGruntMini.cpp
e:\svn_alicelsm\branches\alice madness portfolio\portfolio alice madness\cgruntmini.cpp(17): warning C4316: 'cSkinnedMesh': 힙에 할당된 개체가 16에 맞추어져 있지 않을 수도 있습니다
e:\svn_alicelsm\branches\alice madness portfolio\portfolio alice madness\cgruntmini.cpp(31): warning C4316: 'cSkinnedMesh': 힙에 할당된 개체가 16에 맞추어져 있지 않을 수도 있습니다
  cGrub.cpp
e:\svn_alicelsm\branches\alice madness portfolio\portfolio alice madness\cgrub.cpp(18): warning C4316: 'cSkinnedMesh': 힙에 할당된 개체가 16에 맞추어져 있지 않을 수도 있습니다
e:\svn_alicelsm\branches\alice madness portfolio\portfolio alice madness\cgrub.cpp(32): warning C4316: 'cSkinnedMesh': 힙에 할당된 개체가 16에 맞추어져 있지 않을 수도 있습니다
  cGrid.cpp
e:\svn_alicelsm\branches\alice madness portfolio\portfolio alice madness\cgrid.cpp(87): warning C4316: 'cPyramid': 힙에 할당된 개체가 16에 맞추어져 있지 않을 수도 있습니다
e:\svn_alicelsm\branches\alice madness portfolio\portfolio alice madness\cgrid.cpp(93): warning C4316: 'cPyramid': 힙에 할당된 개체가 16에 맞추어져 있지 않을 수도 있습니다
e:\svn_alicelsm\branches\alice madness portfolio\portfolio alice madness\cgrid.cpp(99): warning C4316: 'cPyramid': 힙에 할당된 개체가 16에 맞추어져 있지 않을 수도 있습니다
  cGlobalData.cpp
e:\svn_alicelsm\branches\alice madness portfolio\portfolio alice madness\cglobaldata.cpp(22): warning C4244: '인수': 'LONG'에서 'float'(으)로 변환하면서 데이터가 손실될 수 있습니다.
e:\svn_alicelsm\branches\alice madness portfolio\portfolio alice madness\cglobaldata.cpp(18): warning C4996: 'sprintf': This function or variable may be unsafe. Consider using sprintf_s instead. To disable deprecation, use _CRT_SECURE_NO_WARNINGS. See online help for details.
  c:\program files (x86)\windows kits\10\include\10.0.10240.0\ucrt\stdio.h(1769): note: 'sprintf' 선언을 참조하십시오.
  cGameManager.cpp
e:\svn_alicelsm\branches\alice madness portfolio\portfolio alice madness\cgamemanager.cpp(58): warning C4018: '<': signed 또는 unsigned가 일치하지 않습니다.
e:\svn_alicelsm\branches\alice madness portfolio\portfolio alice madness\cgamemanager.cpp(64): warning C4018: '<': signed 또는 unsigned가 일치하지 않습니다.
e:\svn_alicelsm\branches\alice madness portfolio\portfolio alice madness\cgamemanager.cpp(68): warning C4018: '<': signed 또는 unsigned가 일치하지 않습니다.
e:\svn_alicelsm\branches\alice madness portfolio\portfolio alice madness\cgamemanager.cpp(84): warning C4018: '<': signed 또는 unsigned가 일치하지 않습니다.
e:\svn_alicelsm\branches\alice madness portfolio\portfolio alice madness\cgamemanager.cpp(88): warning C4018: '<': signed 또는 unsigned가 일치하지 않습니다.
e:\svn_alicelsm\branches\alice madness portfolio\portfolio alice madness\cgamemanager.cpp(92): warning C4018: '<': signed 또는 unsigned가 일치하지 않습니다.
e:\svn_alicelsm\branches\alice madness portfolio\portfolio alice madness\cgamemanager.cpp(112): warning C4018: '<': signed 또는 unsigned가 일치하지 않습니다.
e:\svn_alicelsm\branches\alice madness portfolio\portfolio alice madness\cgamemanager.cpp(117): warning C4018: '<': signed 또는 unsigned가 일치하지 않습니다.
e:\svn_alicelsm\branches\alice madness portfolio\portfolio alice madness\cgamemanager.cpp(123): warning C4018: '<': signed 또는 unsigned가 일치하지 않습니다.
e:\svn_alicelsm\branches\alice madness portfolio\portfolio alice madness\cgamemanager.cpp(142): warning C4018: '<': signed 또는 unsigned가 일치하지 않습니다.
e:\svn_alicelsm\branches\alice madness portfolio\portfolio alice madness\cgamemanager.cpp(150): warning C4018: '<': signed 또는 unsigned가 일치하지 않습니다.
e:\svn_alicelsm\branches\alice madness portfolio\portfolio alice madness\cgamemanager.cpp(254): warning C4316: 'cGrub': 힙에 할당된 개체가 16에 맞추어져 있지 않을 수도 있습니다
e:\svn_alicelsm\branches\alice madness portfolio\portfolio alice madness\cgamemanager.cpp(257): warning C4316: 'cBolteFly': 힙에 할당된 개체가 16에 맞추어져 있지 않을 수도 있습니다
e:\svn_alicelsm\branches\alice madness portfolio\portfolio alice madness\cgamemanager.cpp(260): warning C4316: 'cNoseSwitch': 힙에 할당된 개체가 16에 맞추어져 있지 않을 수도 있습니다
e:\svn_alicelsm\branches\alice madness portfolio\portfolio alice madness\cgamemanager.cpp(263): warning C4316: 'cGruntMini': 힙에 할당된 개체가 16에 맞추어져 있지 않을 수도 있습니다
  cFontManager.cpp
e:\svn_alicelsm\branches\alice madness portfolio\portfolio alice madness\cfontmanager.cpp(49): warning C4996: 'strcpy': This function or variable may be unsafe. Consider using strcpy_s instead. To disable deprecation, use _CRT_SECURE_NO_WARNINGS. See online help for details.
  c:\program files (x86)\windows kits\10\include\10.0.10240.0\ucrt\string.h(119): note: 'strcpy' 선언을 참조하십시오.
  cEntry.cpp
e:\svn_alicelsm\branches\alice madness portfolio\portfolio alice madness\centry.cpp(50): warning C4244: '=': 'float'에서 'LONG'(으)로 변환하면서 데이터가 손실될 수 있습니다.
  cEnemy.cpp
  cDeviceManager.cpp
  cController.cpp
  코드를 생성하고 있습니다...
  컴파일하고 있습니다...
  cCharacterTest.cpp
e:\svn_alicelsm\branches\alice madness portfolio\portfolio alice madness\ccharactertest.cpp(23): warning C4316: 'cSkinnedMesh': 힙에 할당된 개체가 16에 맞추어져 있지 않을 수도 있습니다
e:\svn_alicelsm\branches\alice madness portfolio\portfolio alice madness\ccharactertest.cpp(28): warning C4316: 'cSkinnedMesh': 힙에 할당된 개체가 16에 맞추어져 있지 않을 수도 있습니다
e:\svn_alicelsm\branches\alice madness portfolio\portfolio alice madness\ccharactertest.cpp(96): warning C4101: 'height' :참조되지 않은 지역 변수입니다.
  cCharacter.cpp
  cCameraTest.cpp
e:\svn_alicelsm\branches\alice madness portfolio\portfolio alice madness\ccameratest.cpp(44): warning C4244: '=': 'float'에서 'LONG'(으)로 변환하면서 데이터가 손실될 수 있습니다.
e:\svn_alicelsm\branches\alice madness portfolio\portfolio alice madness\ccameratest.cpp(45): warning C4244: '=': 'float'에서 'LONG'(으)로 변환하면서 데이터가 손실될 수 있습니다.
e:\svn_alicelsm\branches\alice madness portfolio\portfolio alice madness\ccameratest.cpp(95): warning C4838: 'LONG'에서 'DWORD'(으)로의 변환에는 축소 변환이 필요합니다.
  cCamera.cpp
  cBox.cpp
e:\svn_alicelsm\branches\alice madness portfolio\portfolio alice madness\cbox.cpp(80): warning C4244: '=': 'LONG'에서 'float'(으)로 변환하면서 데이터가 손실될 수 있습니다.
e:\svn_alicelsm\branches\alice madness portfolio\portfolio alice madness\cbox.cpp(81): warning C4244: '=': 'LONG'에서 'float'(으)로 변환하면서 데이터가 손실될 수 있습니다.
e:\svn_alicelsm\branches\alice madness portfolio\portfolio alice madness\cbox.cpp(90): warning C4244: '=': 'float'에서 'LONG'(으)로 변환하면서 데이터가 손실될 수 있습니다.
e:\svn_alicelsm\branches\alice madness portfolio\portfolio alice madness\cbox.cpp(91): warning C4244: '=': 'float'에서 'LONG'(으)로 변환하면서 데이터가 손실될 수 있습니다.
e:\svn_alicelsm\branches\alice madness portfolio\portfolio alice madness\cbox.cpp(93): warning C4244: '=': 'float'에서 'LONG'(으)로 변환하면서 데이터가 손실될 수 있습니다.
e:\svn_alicelsm\branches\alice madness portfolio\portfolio alice madness\cbox.cpp(94): warning C4244: '=': 'float'에서 'LONG'(으)로 변환하면서 데이터가 손실될 수 있습니다.
  cBoundingSphere.cpp
  cBoundingBox.cpp
e:\svn_alicelsm\branches\alice madness portfolio\portfolio alice madness\cboundingbox.cpp(118): warning C4018: '<': signed 또는 unsigned가 일치하지 않습니다.
  cBounding.cpp
e:\svn_alicelsm\branches\alice madness portfolio\portfolio alice madness\cbounding.cpp(26): warning C4018: '<': signed 또는 unsigned가 일치하지 않습니다.
e:\svn_alicelsm\branches\alice madness portfolio\portfolio alice madness\cbounding.cpp(43): warning C4018: '<': signed 또는 unsigned가 일치하지 않습니다.
  cBolteFly.cpp
e:\svn_alicelsm\branches\alice madness portfolio\portfolio alice madness\cboltefly.cpp(16): warning C4316: 'cSkinnedMesh': 힙에 할당된 개체가 16에 맞추어져 있지 않을 수도 있습니다
e:\svn_alicelsm\branches\alice madness portfolio\portfolio alice madness\cboltefly.cpp(37): warning C4316: 'cSkinnedMesh': 힙에 할당된 개체가 16에 맞추어져 있지 않을 수도 있습니다
  cAllocateHierarchy.cpp
e:\svn_alicelsm\branches\alice madness portfolio\portfolio alice madness\callocatehierarchy.cpp(21): warning C4316: 'ST_BONE': 힙에 할당된 개체가 16에 맞추어져 있지 않을 수도 있습니다
e:\svn_alicelsm\branches\alice madness portfolio\portfolio alice madness\callocatehierarchy.cpp(28): warning C4996: 'strcpy': This function or variable may be unsafe. Consider using strcpy_s instead. To disable deprecation, use _CRT_SECURE_NO_WARNINGS. See online help for details.
  c:\program files (x86)\windows kits\10\include\10.0.10240.0\ucrt\string.h(119): note: 'strcpy' 선언을 참조하십시오.
  코드를 생성하고 있습니다...
e:\svn_alicelsm\branches\alice madness portfolio\portfolio alice madness\ccharacter.cpp(30): warning C4172: 지역 변수 또는 임시: nullV의 주소를 반환하고 있습니다.
e:\svn_alicelsm\branches\alice madness portfolio\portfolio alice madness\ccharactertest.cpp(164): warning C4172: 지역 변수 또는 임시의 주소를 반환하고 있습니다.
e:\svn_alicelsm\branches\alice madness portfolio\portfolio alice madness\ccharactertest.cpp(169): warning C4172: 지역 변수 또는 임시의 주소를 반환하고 있습니다.
  Portfolio Alice Madness.vcxproj -> E:\svn_AliceLSM\branches\Alice Madness Portfolio\Debug\Portfolio Alice Madness.exe
  Portfolio Alice Madness.vcxproj -> E:\svn_AliceLSM\branches\Alice Madness Portfolio\Debug\Portfolio Alice Madness.pdb (Partial PDB)
